PHP Fatal error:  Uncaught Error: Call to a member function connection() on null in /Applications/XAMPP/xamppfiles/htdocs/TeamF_SOEN341Project2022/project341/vendor/laravel/framework/src/Illuminate/Database/Eloquent/Model.php:1658
Stack trace:
#0 /Applications/XAMPP/xamppfiles/htdocs/TeamF_SOEN341Project2022/project341/vendor/laravel/framework/src/Illuminate/Database/Eloquent/Model.php(1624): Illuminate\Database\Eloquent\Model::resolveConnection(NULL)
#1 /Applications/XAMPP/xamppfiles/htdocs/TeamF_SOEN341Project2022/project341/vendor/laravel/framework/src/Illuminate/Database/Eloquent/Model.php(1427): Illuminate\Database\Eloquent\Model->getConnection()
#2 /Applications/XAMPP/xamppfiles/htdocs/TeamF_SOEN341Project2022/project341/vendor/laravel/framework/src/Illuminate/Database/Eloquent/Model.php(1344): Illuminate\Database\Eloquent\Model->newBaseQueryBuilder()
#3 /Applications/XAMPP/xamppfiles/htdocs/TeamF_SOEN341Project2022/project341/vendor/laravel/framework/src/Illuminate/Database/Eloquent/Model.php(1380): Illuminate\Database\Eloquent\Model->newModelQuery()
#4 /Applications/XAMPP/xamppfiles/htdocs/TeamF_SOEN341Project2022/project341/vendor/laravel/framework/src/Illuminate/Database/Eloquent/Model.php(1333): Illuminate\Database\Eloquent\Model->newQueryWithoutScopes()
#5 /Applications/XAMPP/xamppfiles/htdocs/TeamF_SOEN341Project2022/project341/vendor/laravel/framework/src/Illuminate/Database/Eloquent/Model.php(1323): Illuminate\Database\Eloquent\Model->newQuery()
#6 /Applications/XAMPP/xamppfiles/htdocs/TeamF_SOEN341Project2022/project341/vendor/laravel/framework/src/Illuminate/Database/Eloquent/Model.php(569): Illuminate\Database\Eloquent\Model::query()
#7 /Applications/XAMPP/xamppfiles/htdocs/TeamF_SOEN341Project2022/project341/resources/views/client/orders/index.blade.php(5): Illuminate\Database\Eloquent\Model::all()
#8 /Applications/XAMPP/xamppfiles/htdocs/TeamF_SOEN341Project2022/project341/vendor/phpunit/phpunit/src/Util/FileLoader.php(65): include_once('/Applications/X...')
#9 /Applications/XAMPP/xamppfiles/htdocs/TeamF_SOEN341Project2022/project341/vendor/phpunit/phpunit/src/Util/FileLoader.php(49): PHPUnit\Util\FileLoader::load('/Applications/X...')
#10 /Applications/XAMPP/xamppfiles/htdocs/TeamF_SOEN341Project2022/project341/vendor/phpunit/phpunit/src/Runner/StandardTestSuiteLoader.php(43): PHPUnit\Util\FileLoader::checkAndLoad('/Applications/X...')
#11 /Applications/XAMPP/xamppfiles/htdocs/TeamF_SOEN341Project2022/project341/vendor/phpunit/phpunit/src/Runner/BaseTestRunner.php(146): PHPUnit\Runner\StandardTestSuiteLoader->load('/Applications/X...')
#12 /Applications/XAMPP/xamppfiles/htdocs/TeamF_SOEN341Project2022/project341/vendor/phpunit/phpunit/src/Runner/BaseTestRunner.php(112): PHPUnit\Runner\BaseTestRunner->loadSuiteClass('/Applications/X...')
#13 /Applications/XAMPP/xamppfiles/htdocs/TeamF_SOEN341Project2022/project341/vendor/phpunit/phpunit/src/TextUI/Command.php(120): PHPUnit\Runner\BaseTestRunner->getTest('/Applications/X...', Array)
#14 /Applications/XAMPP/xamppfiles/htdocs/TeamF_SOEN341Project2022/project341/vendor/phpunit/phpunit/src/TextUI/Command.php(96): PHPUnit\TextUI\Command->run(Array, true)
#15 /Applications/XAMPP/xamppfiles/htdocs/TeamF_SOEN341Project2022/project341/vendor/phpunit/phpunit/phpunit(98): PHPUnit\TextUI\Command::main()
#16 /Applications/XAMPP/xamppfiles/htdocs/TeamF_SOEN341Project2022/project341/vendor/bin/phpunit(120): include('/Applications/X...')
#17 {main}

Next PHPUnit\TextUI\RuntimeException: Call to a member function connection() on null in /Applications/XAMPP/xamppfiles/htdocs/TeamF_SOEN341Project2022/project341/vendor/phpunit/phpunit/src/TextUI/Command.php:98
Stack trace:
#0 /Applications/XAMPP/xamppfiles/htdocs/TeamF_SOEN341Project2022/project341/vendor/phpunit/phpunit/phpunit(98): PHPUnit\TextUI\Command::main()
#1 /Applications/XAMPP/xamppfiles/htdocs/TeamF_SOEN341Project2022/project341/vendor/bin/phpunit(120): include('/Applications/X...')
#2 {main}
  thrown in /Applications/XAMPP/xamppfiles/htdocs/TeamF_SOEN341Project2022/project341/vendor/phpunit/phpunit/src/TextUI/Command.php on line 98

Fatal error: Uncaught Error: Call to a member function connection() on null in /Applications/XAMPP/xamppfiles/htdocs/TeamF_SOEN341Project2022/project341/vendor/laravel/framework/src/Illuminate/Database/Eloquent/Model.php:1658
Stack trace:
#0 /Applications/XAMPP/xamppfiles/htdocs/TeamF_SOEN341Project2022/project341/vendor/laravel/framework/src/Illuminate/Database/Eloquent/Model.php(1624): Illuminate\Database\Eloquent\Model::resolveConnection(NULL)
#1 /Applications/XAMPP/xamppfiles/htdocs/TeamF_SOEN341Project2022/project341/vendor/laravel/framework/src/Illuminate/Database/Eloquent/Model.php(1427): Illuminate\Database\Eloquent\Model->getConnection()
#2 /Applications/XAMPP/xamppfiles/htdocs/TeamF_SOEN341Project2022/project341/vendor/laravel/framework/src/Illuminate/Database/Eloquent/Model.php(1344): Illuminate\Database\Eloquent\Model->newBaseQueryBuilder()
#3 /Applications/XAMPP/xamppfiles/htdocs/TeamF_SOEN341Project2022/project341/vendor/laravel/framework/src/Illuminate/Database/Eloquent/Model.php(1380): Illuminate\Database\Eloquent\Model->newModelQuery()
#4 /Applications/XAMPP/xamppfiles/htdocs/TeamF_SOEN341Project2022/project341/vendor/laravel/framework/src/Illuminate/Database/Eloquent/Model.php(1333): Illuminate\Database\Eloquent\Model->newQueryWithoutScopes()
#5 /Applications/XAMPP/xamppfiles/htdocs/TeamF_SOEN341Project2022/project341/vendor/laravel/framework/src/Illuminate/Database/Eloquent/Model.php(1323): Illuminate\Database\Eloquent\Model->newQuery()
#6 /Applications/XAMPP/xamppfiles/htdocs/TeamF_SOEN341Project2022/project341/vendor/laravel/framework/src/Illuminate/Database/Eloquent/Model.php(569): Illuminate\Database\Eloquent\Model::query()
#7 /Applications/XAMPP/xamppfiles/htdocs/TeamF_SOEN341Project2022/project341/resources/views/client/orders/index.blade.php(5): Illuminate\Database\Eloquent\Model::all()
#8 /Applications/XAMPP/xamppfiles/htdocs/TeamF_SOEN341Project2022/project341/vendor/phpunit/phpunit/src/Util/FileLoader.php(65): include_once('/Applications/X...')
#9 /Applications/XAMPP/xamppfiles/htdocs/TeamF_SOEN341Project2022/project341/vendor/phpunit/phpunit/src/Util/FileLoader.php(49): PHPUnit\Util\FileLoader::load('/Applications/X...')
#10 /Applications/XAMPP/xamppfiles/htdocs/TeamF_SOEN341Project2022/project341/vendor/phpunit/phpunit/src/Runner/StandardTestSuiteLoader.php(43): PHPUnit\Util\FileLoader::checkAndLoad('/Applications/X...')
#11 /Applications/XAMPP/xamppfiles/htdocs/TeamF_SOEN341Project2022/project341/vendor/phpunit/phpunit/src/Runner/BaseTestRunner.php(146): PHPUnit\Runner\StandardTestSuiteLoader->load('/Applications/X...')
#12 /Applications/XAMPP/xamppfiles/htdocs/TeamF_SOEN341Project2022/project341/vendor/phpunit/phpunit/src/Runner/BaseTestRunner.php(112): PHPUnit\Runner\BaseTestRunner->loadSuiteClass('/Applications/X...')
#13 /Applications/XAMPP/xamppfiles/htdocs/TeamF_SOEN341Project2022/project341/vendor/phpunit/phpunit/src/TextUI/Command.php(120): PHPUnit\Runner\BaseTestRunner->getTest('/Applications/X...', Array)
#14 /Applications/XAMPP/xamppfiles/htdocs/TeamF_SOEN341Project2022/project341/vendor/phpunit/phpunit/src/TextUI/Command.php(96): PHPUnit\TextUI\Command->run(Array, true)
#15 /Applications/XAMPP/xamppfiles/htdocs/TeamF_SOEN341Project2022/project341/vendor/phpunit/phpunit/phpunit(98): PHPUnit\TextUI\Command::main()
#16 /Applications/XAMPP/xamppfiles/htdocs/TeamF_SOEN341Project2022/project341/vendor/bin/phpunit(120): include('/Applications/X...')
#17 {main}

Next PHPUnit\TextUI\RuntimeException: Call to a member function connection() on null in /Applications/XAMPP/xamppfiles/htdocs/TeamF_SOEN341Project2022/project341/vendor/phpunit/phpunit/src/TextUI/Command.php:98
Stack trace:
#0 /Applications/XAMPP/xamppfiles/htdocs/TeamF_SOEN341Project2022/project341/vendor/phpunit/phpunit/phpunit(98): PHPUnit\TextUI\Command::main()
#1 /Applications/XAMPP/xamppfiles/htdocs/TeamF_SOEN341Project2022/project341/vendor/bin/phpunit(120): include('/Applications/X...')
#2 {main}
  thrown in /Applications/XAMPP/xamppfiles/htdocs/TeamF_SOEN341Project2022/project341/vendor/phpunit/phpunit/src/TextUI/Command.php on line 98
The terminal process "/bin/zsh '-c', ''/Applications/XAMPP/xamppfiles/htdocs/TeamF_SOEN341Project2022/project341/vendor/bin/phpunit' --colors=always '/Applications/XAMPP/xamppfiles/htdocs/TeamF_SOEN341Project2022/project341/resources/views/client/orders/index.blade.php''" terminated with exit code: 255.